INFO [2022-01-16 15:25:15] [[1]]
INFO [2022-01-16 15:25:15] data
INFO [2022-01-16 15:25:15] 
INFO [2022-01-16 15:25:15] $filename
INFO [2022-01-16 15:25:15] NULL
INFO [2022-01-16 15:25:15] 
INFO [2022-01-16 15:25:15] $col
INFO [2022-01-16 15:25:15] c("#440154ff", "#21908dff", "#fde725ff")
INFO [2022-01-16 15:25:15] 
INFO [2022-01-16 15:25:15] $fill
INFO [2022-01-16 15:25:15] c(alpha("#440154ff", 0.3), alpha("#21908dff", 0.3), alpha("#fde725ff", 
INFO [2022-01-16 15:25:15]     0.3))
INFO [2022-01-16 15:25:15] 
INFO [2022-01-16 15:25:15] $fontfamily
INFO [2022-01-16 15:25:15] [1] "sans"
INFO [2022-01-16 15:25:15] 
INFO [2022-01-16 15:25:15] $cex
INFO [2022-01-16 15:25:15] [1] 1
INFO [2022-01-16 15:25:15] 
INFO [2022-01-16 15:25:15] $cat.cex
INFO [2022-01-16 15:25:15] [1] 3
INFO [2022-01-16 15:25:15] 
INFO [2022-01-16 15:25:15] $cat.default.pos
INFO [2022-01-16 15:25:15] [1] "outer"
INFO [2022-01-16 15:25:15] 
INFO [2022-01-16 15:25:15] $cat.fontfamily
INFO [2022-01-16 15:25:15] [1] "sans"
INFO [2022-01-16 15:25:15] 
INFO [2022-01-16 15:25:15] $cat.col
INFO [2022-01-16 15:25:15] c("#440154ff", "#21908dff", "#fde725ff")
INFO [2022-01-16 15:25:15] 
INFO [2022-01-16 15:25:15] $rotation
INFO [2022-01-16 15:25:15] [1] 3
INFO [2022-01-16 15:25:15] 
