INFO [2022-01-16 15:39:00] [[1]]
INFO [2022-01-16 15:39:00] data
INFO [2022-01-16 15:39:00] 
INFO [2022-01-16 15:39:00] $filename
INFO [2022-01-16 15:39:00] NULL
INFO [2022-01-16 15:39:00] 
INFO [2022-01-16 15:39:00] $col
INFO [2022-01-16 15:39:00] c("#440154ff", "#21908dff", "#fde725ff")
INFO [2022-01-16 15:39:00] 
INFO [2022-01-16 15:39:00] $fill
INFO [2022-01-16 15:39:00] c(alpha("#440154ff", 0.3), alpha("#21908dff", 0.3), alpha("#fde725ff", 
INFO [2022-01-16 15:39:00]     0.3))
INFO [2022-01-16 15:39:00] 
INFO [2022-01-16 15:39:00] $fontfamily
INFO [2022-01-16 15:39:00] [1] "sans"
INFO [2022-01-16 15:39:00] 
INFO [2022-01-16 15:39:00] $cex
INFO [2022-01-16 15:39:00] [1] 1
INFO [2022-01-16 15:39:00] 
INFO [2022-01-16 15:39:00] $cat.cex
INFO [2022-01-16 15:39:00] [1] 3
INFO [2022-01-16 15:39:00] 
INFO [2022-01-16 15:39:00] $cat.default.pos
INFO [2022-01-16 15:39:00] [1] "outer"
INFO [2022-01-16 15:39:00] 
INFO [2022-01-16 15:39:00] $cat.fontfamily
INFO [2022-01-16 15:39:00] [1] "sans"
INFO [2022-01-16 15:39:00] 
INFO [2022-01-16 15:39:00] $cat.col
INFO [2022-01-16 15:39:00] c("#440154ff", "#21908dff", "#fde725ff")
INFO [2022-01-16 15:39:00] 
INFO [2022-01-16 15:39:00] $cat.pos
INFO [2022-01-16 15:39:00] c(0, 0, 0)
INFO [2022-01-16 15:39:00] 
INFO [2022-01-16 15:39:00] $rotation.degree
INFO [2022-01-16 15:39:00] [1] 360
INFO [2022-01-16 15:39:00] 
