INFO [2022-01-16 15:38:21] [[1]]
INFO [2022-01-16 15:38:21] data
INFO [2022-01-16 15:38:21] 
INFO [2022-01-16 15:38:21] $filename
INFO [2022-01-16 15:38:21] NULL
INFO [2022-01-16 15:38:21] 
INFO [2022-01-16 15:38:21] $col
INFO [2022-01-16 15:38:21] c("#440154ff", "#21908dff", "#fde725ff")
INFO [2022-01-16 15:38:21] 
INFO [2022-01-16 15:38:21] $fill
INFO [2022-01-16 15:38:21] c(alpha("#440154ff", 0.3), alpha("#21908dff", 0.3), alpha("#fde725ff", 
INFO [2022-01-16 15:38:21]     0.3))
INFO [2022-01-16 15:38:21] 
INFO [2022-01-16 15:38:21] $fontfamily
INFO [2022-01-16 15:38:21] [1] "sans"
INFO [2022-01-16 15:38:21] 
INFO [2022-01-16 15:38:21] $cex
INFO [2022-01-16 15:38:21] [1] 1
INFO [2022-01-16 15:38:21] 
INFO [2022-01-16 15:38:21] $cat.cex
INFO [2022-01-16 15:38:21] [1] 3
INFO [2022-01-16 15:38:21] 
INFO [2022-01-16 15:38:21] $cat.default.pos
INFO [2022-01-16 15:38:21] [1] "outer"
INFO [2022-01-16 15:38:21] 
INFO [2022-01-16 15:38:21] $cat.fontfamily
INFO [2022-01-16 15:38:21] [1] "sans"
INFO [2022-01-16 15:38:21] 
INFO [2022-01-16 15:38:21] $cat.col
INFO [2022-01-16 15:38:21] c("#440154ff", "#21908dff", "#fde725ff")
INFO [2022-01-16 15:38:21] 
INFO [2022-01-16 15:38:21] $cat.pos
INFO [2022-01-16 15:38:21] c(90, 90, 90)
INFO [2022-01-16 15:38:21] 
INFO [2022-01-16 15:38:21] $rotation.degree
INFO [2022-01-16 15:38:21] [1] 360
INFO [2022-01-16 15:38:21] 
