INFO [2022-01-16 15:30:37] [[1]]
INFO [2022-01-16 15:30:37] data
INFO [2022-01-16 15:30:37] 
INFO [2022-01-16 15:30:37] $filename
INFO [2022-01-16 15:30:37] NULL
INFO [2022-01-16 15:30:37] 
INFO [2022-01-16 15:30:37] $col
INFO [2022-01-16 15:30:37] c("#440154ff", "#21908dff", "#fde725ff")
INFO [2022-01-16 15:30:37] 
INFO [2022-01-16 15:30:37] $fill
INFO [2022-01-16 15:30:37] c(alpha("#440154ff", 0.3), alpha("#21908dff", 0.3), alpha("#fde725ff", 
INFO [2022-01-16 15:30:37]     0.3))
INFO [2022-01-16 15:30:37] 
INFO [2022-01-16 15:30:37] $fontfamily
INFO [2022-01-16 15:30:37] [1] "sans"
INFO [2022-01-16 15:30:37] 
INFO [2022-01-16 15:30:37] $cex
INFO [2022-01-16 15:30:37] [1] 1
INFO [2022-01-16 15:30:37] 
INFO [2022-01-16 15:30:37] $cat.cex
INFO [2022-01-16 15:30:37] [1] 3
INFO [2022-01-16 15:30:37] 
INFO [2022-01-16 15:30:37] $cat.default.pos
INFO [2022-01-16 15:30:37] [1] "text"
INFO [2022-01-16 15:30:37] 
INFO [2022-01-16 15:30:37] $cat.fontfamily
INFO [2022-01-16 15:30:37] [1] "sans"
INFO [2022-01-16 15:30:37] 
INFO [2022-01-16 15:30:37] $cat.col
INFO [2022-01-16 15:30:37] c("#440154ff", "#21908dff", "#fde725ff")
INFO [2022-01-16 15:30:37] 
INFO [2022-01-16 15:30:37] $rotation
INFO [2022-01-16 15:30:37] [1] 3
INFO [2022-01-16 15:30:37] 
INFO [2022-01-16 15:30:37] $main
INFO [2022-01-16 15:30:37] [1] "Duza dupa"
INFO [2022-01-16 15:30:37] 
INFO [2022-01-16 15:30:37] $sub
INFO [2022-01-16 15:30:37] [1] "mala dupa"
INFO [2022-01-16 15:30:37] 
