INFO [2022-01-16 15:32:01] [[1]]
INFO [2022-01-16 15:32:01] data
INFO [2022-01-16 15:32:01] 
INFO [2022-01-16 15:32:01] $filename
INFO [2022-01-16 15:32:01] NULL
INFO [2022-01-16 15:32:01] 
INFO [2022-01-16 15:32:01] $col
INFO [2022-01-16 15:32:01] c("#440154ff", "#21908dff", "#fde725ff")
INFO [2022-01-16 15:32:01] 
INFO [2022-01-16 15:32:01] $fill
INFO [2022-01-16 15:32:01] c(alpha("#440154ff", 0.3), alpha("#21908dff", 0.3), alpha("#fde725ff", 
INFO [2022-01-16 15:32:01]     0.3))
INFO [2022-01-16 15:32:01] 
INFO [2022-01-16 15:32:01] $fontfamily
INFO [2022-01-16 15:32:01] [1] "sans"
INFO [2022-01-16 15:32:01] 
INFO [2022-01-16 15:32:01] $cex
INFO [2022-01-16 15:32:01] [1] 1
INFO [2022-01-16 15:32:01] 
INFO [2022-01-16 15:32:01] $cat.cex
INFO [2022-01-16 15:32:01] [1] 3
INFO [2022-01-16 15:32:01] 
INFO [2022-01-16 15:32:01] $cat.default.pos
INFO [2022-01-16 15:32:01] [1] "text"
INFO [2022-01-16 15:32:01] 
INFO [2022-01-16 15:32:01] $cat.fontfamily
INFO [2022-01-16 15:32:01] [1] "sans"
INFO [2022-01-16 15:32:01] 
INFO [2022-01-16 15:32:01] $cat.col
INFO [2022-01-16 15:32:01] c("#440154ff", "#21908dff", "#fde725ff")
INFO [2022-01-16 15:32:01] 
INFO [2022-01-16 15:32:01] $rotation
INFO [2022-01-16 15:32:01] [1] 2
INFO [2022-01-16 15:32:01] 
INFO [2022-01-16 15:32:01] $rotation.degree
INFO [2022-01-16 15:32:01] [1] 180
INFO [2022-01-16 15:32:01] 
INFO [2022-01-16 15:32:01] $main
INFO [2022-01-16 15:32:01] [1] "Duza dupa"
INFO [2022-01-16 15:32:01] 
INFO [2022-01-16 15:32:01] $sub
INFO [2022-01-16 15:32:01] [1] "mala dupa"
INFO [2022-01-16 15:32:01] 
