INFO [2022-01-16 15:46:57] [[1]]
INFO [2022-01-16 15:46:57] data
INFO [2022-01-16 15:46:57] 
INFO [2022-01-16 15:46:57] $filename
INFO [2022-01-16 15:46:57] NULL
INFO [2022-01-16 15:46:57] 
INFO [2022-01-16 15:46:57] $col
INFO [2022-01-16 15:46:57] c("#440154ff", "#21908dff", "#fde725ff")
INFO [2022-01-16 15:46:57] 
INFO [2022-01-16 15:46:57] $fill
INFO [2022-01-16 15:46:57] c(alpha("#440154ff", 0.3), alpha("#21908dff", 0.3), alpha("#fde725ff", 
INFO [2022-01-16 15:46:57]     0.3))
INFO [2022-01-16 15:46:57] 
INFO [2022-01-16 15:46:57] $fontfamily
INFO [2022-01-16 15:46:57] [1] "sans"
INFO [2022-01-16 15:46:57] 
INFO [2022-01-16 15:46:57] $cex
INFO [2022-01-16 15:46:57] [1] 1
INFO [2022-01-16 15:46:57] 
INFO [2022-01-16 15:46:57] $cat.cex
INFO [2022-01-16 15:46:57] [1] 3
INFO [2022-01-16 15:46:57] 
INFO [2022-01-16 15:46:57] $cat.default.pos
INFO [2022-01-16 15:46:57] [1] "outer"
INFO [2022-01-16 15:46:57] 
INFO [2022-01-16 15:46:57] $cat.fontfamily
INFO [2022-01-16 15:46:57] [1] "sans"
INFO [2022-01-16 15:46:57] 
INFO [2022-01-16 15:46:57] $cat.col
INFO [2022-01-16 15:46:57] c("#440154ff", "#21908dff", "#fde725ff")
INFO [2022-01-16 15:46:57] 
INFO [2022-01-16 15:46:57] $cat.pos
INFO [2022-01-16 15:46:57] c(315, 45, 0)
INFO [2022-01-16 15:46:57] 
INFO [2022-01-16 15:46:57] $rotation.degree
INFO [2022-01-16 15:46:57] [1] 360
INFO [2022-01-16 15:46:57] 
