INFO [2022-01-16 15:29:52] [[1]]
INFO [2022-01-16 15:29:52] data
INFO [2022-01-16 15:29:52] 
INFO [2022-01-16 15:29:52] $filename
INFO [2022-01-16 15:29:52] NULL
INFO [2022-01-16 15:29:52] 
INFO [2022-01-16 15:29:52] $col
INFO [2022-01-16 15:29:52] c("#440154ff", "#21908dff", "#fde725ff")
INFO [2022-01-16 15:29:52] 
INFO [2022-01-16 15:29:52] $fill
INFO [2022-01-16 15:29:52] c(alpha("#440154ff", 0.3), alpha("#21908dff", 0.3), alpha("#fde725ff", 
INFO [2022-01-16 15:29:52]     0.3))
INFO [2022-01-16 15:29:52] 
INFO [2022-01-16 15:29:52] $fontfamily
INFO [2022-01-16 15:29:52] [1] "sans"
INFO [2022-01-16 15:29:52] 
INFO [2022-01-16 15:29:52] $cex
INFO [2022-01-16 15:29:52] [1] 1
INFO [2022-01-16 15:29:52] 
INFO [2022-01-16 15:29:52] $cat.cex
INFO [2022-01-16 15:29:52] [1] 3
INFO [2022-01-16 15:29:52] 
INFO [2022-01-16 15:29:52] $cat.default.pos
INFO [2022-01-16 15:29:52] [1] "outer"
INFO [2022-01-16 15:29:52] 
INFO [2022-01-16 15:29:52] $cat.fontfamily
INFO [2022-01-16 15:29:52] [1] "sans"
INFO [2022-01-16 15:29:52] 
INFO [2022-01-16 15:29:52] $cat.col
INFO [2022-01-16 15:29:52] c("#440154ff", "#21908dff", "#fde725ff")
INFO [2022-01-16 15:29:52] 
INFO [2022-01-16 15:29:52] $rotation
INFO [2022-01-16 15:29:52] [1] 3
INFO [2022-01-16 15:29:52] 
INFO [2022-01-16 15:29:52] $main
INFO [2022-01-16 15:29:52] [1] "Duza dupa"
INFO [2022-01-16 15:29:52] 
INFO [2022-01-16 15:29:52] $sub
INFO [2022-01-16 15:29:52] [1] "mala dupa"
INFO [2022-01-16 15:29:52] 
