INFO [2022-01-16 15:31:11] [[1]]
INFO [2022-01-16 15:31:11] data
INFO [2022-01-16 15:31:11] 
INFO [2022-01-16 15:31:11] $filename
INFO [2022-01-16 15:31:11] NULL
INFO [2022-01-16 15:31:11] 
INFO [2022-01-16 15:31:11] $col
INFO [2022-01-16 15:31:11] c("#440154ff", "#21908dff", "#fde725ff")
INFO [2022-01-16 15:31:11] 
INFO [2022-01-16 15:31:11] $fill
INFO [2022-01-16 15:31:11] c(alpha("#440154ff", 0.3), alpha("#21908dff", 0.3), alpha("#fde725ff", 
INFO [2022-01-16 15:31:11]     0.3))
INFO [2022-01-16 15:31:11] 
INFO [2022-01-16 15:31:11] $fontfamily
INFO [2022-01-16 15:31:11] [1] "sans"
INFO [2022-01-16 15:31:11] 
INFO [2022-01-16 15:31:11] $cex
INFO [2022-01-16 15:31:11] [1] 1
INFO [2022-01-16 15:31:11] 
INFO [2022-01-16 15:31:11] $cat.cex
INFO [2022-01-16 15:31:11] [1] 3
INFO [2022-01-16 15:31:11] 
INFO [2022-01-16 15:31:11] $cat.default.pos
INFO [2022-01-16 15:31:11] [1] "text"
INFO [2022-01-16 15:31:11] 
INFO [2022-01-16 15:31:11] $cat.fontfamily
INFO [2022-01-16 15:31:11] [1] "sans"
INFO [2022-01-16 15:31:11] 
INFO [2022-01-16 15:31:11] $cat.col
INFO [2022-01-16 15:31:11] c("#440154ff", "#21908dff", "#fde725ff")
INFO [2022-01-16 15:31:11] 
INFO [2022-01-16 15:31:11] $rotation
INFO [2022-01-16 15:31:11] [1] 180
INFO [2022-01-16 15:31:11] 
INFO [2022-01-16 15:31:11] $main
INFO [2022-01-16 15:31:11] [1] "Duza dupa"
INFO [2022-01-16 15:31:11] 
INFO [2022-01-16 15:31:11] $sub
INFO [2022-01-16 15:31:11] [1] "mala dupa"
INFO [2022-01-16 15:31:11] 
