INFO [2022-01-16 15:33:50] [[1]]
INFO [2022-01-16 15:33:50] data
INFO [2022-01-16 15:33:50] 
INFO [2022-01-16 15:33:50] $filename
INFO [2022-01-16 15:33:50] NULL
INFO [2022-01-16 15:33:50] 
INFO [2022-01-16 15:33:50] $col
INFO [2022-01-16 15:33:50] c("#440154ff", "#21908dff", "#fde725ff")
INFO [2022-01-16 15:33:50] 
INFO [2022-01-16 15:33:50] $fill
INFO [2022-01-16 15:33:50] c(alpha("#440154ff", 0.3), alpha("#21908dff", 0.3), alpha("#fde725ff", 
INFO [2022-01-16 15:33:50]     0.3))
INFO [2022-01-16 15:33:50] 
INFO [2022-01-16 15:33:50] $fontfamily
INFO [2022-01-16 15:33:50] [1] "sans"
INFO [2022-01-16 15:33:50] 
INFO [2022-01-16 15:33:50] $cex
INFO [2022-01-16 15:33:50] [1] 1
INFO [2022-01-16 15:33:50] 
INFO [2022-01-16 15:33:50] $cat.cex
INFO [2022-01-16 15:33:50] [1] 3
INFO [2022-01-16 15:33:50] 
INFO [2022-01-16 15:33:50] $cat.default.pos
INFO [2022-01-16 15:33:50] [1] "outer"
INFO [2022-01-16 15:33:50] 
INFO [2022-01-16 15:33:50] $cat.fontfamily
INFO [2022-01-16 15:33:50] [1] "sans"
INFO [2022-01-16 15:33:50] 
INFO [2022-01-16 15:33:50] $cat.col
INFO [2022-01-16 15:33:50] c("#440154ff", "#21908dff", "#fde725ff")
INFO [2022-01-16 15:33:50] 
INFO [2022-01-16 15:33:50] $rotation.degree
INFO [2022-01-16 15:33:50] [1] 180
INFO [2022-01-16 15:33:50] 
