INFO [2022-01-16 15:45:12] [[1]]
INFO [2022-01-16 15:45:12] data
INFO [2022-01-16 15:45:12] 
INFO [2022-01-16 15:45:12] $filename
INFO [2022-01-16 15:45:12] NULL
INFO [2022-01-16 15:45:12] 
INFO [2022-01-16 15:45:12] $col
INFO [2022-01-16 15:45:12] c("#440154ff", "#21908dff", "#fde725ff")
INFO [2022-01-16 15:45:12] 
INFO [2022-01-16 15:45:12] $fill
INFO [2022-01-16 15:45:12] c(alpha("#440154ff", 0.3), alpha("#21908dff", 0.3), alpha("#fde725ff", 
INFO [2022-01-16 15:45:12]     0.3))
INFO [2022-01-16 15:45:12] 
INFO [2022-01-16 15:45:12] $fontfamily
INFO [2022-01-16 15:45:12] [1] "sans"
INFO [2022-01-16 15:45:12] 
INFO [2022-01-16 15:45:12] $cex
INFO [2022-01-16 15:45:12] [1] 1
INFO [2022-01-16 15:45:12] 
INFO [2022-01-16 15:45:12] $cat.cex
INFO [2022-01-16 15:45:12] [1] 3
INFO [2022-01-16 15:45:12] 
INFO [2022-01-16 15:45:12] $cat.default.pos
INFO [2022-01-16 15:45:12] [1] "outer"
INFO [2022-01-16 15:45:12] 
INFO [2022-01-16 15:45:12] $cat.fontfamily
INFO [2022-01-16 15:45:12] [1] "sans"
INFO [2022-01-16 15:45:12] 
INFO [2022-01-16 15:45:12] $cat.col
INFO [2022-01-16 15:45:12] c("#440154ff", "#21908dff", "#fde725ff")
INFO [2022-01-16 15:45:12] 
INFO [2022-01-16 15:45:12] $cat.pos
INFO [2022-01-16 15:45:12] c(315, 45, 0)
INFO [2022-01-16 15:45:12] 
INFO [2022-01-16 15:45:12] $rotation.degree
INFO [2022-01-16 15:45:12] [1] 360
INFO [2022-01-16 15:45:12] 
