INFO [2022-01-16 15:46:22] [[1]]
INFO [2022-01-16 15:46:22] data
INFO [2022-01-16 15:46:22] 
INFO [2022-01-16 15:46:22] $filename
INFO [2022-01-16 15:46:22] NULL
INFO [2022-01-16 15:46:22] 
INFO [2022-01-16 15:46:22] $col
INFO [2022-01-16 15:46:22] c("#440154ff", "#21908dff", "#fde725ff")
INFO [2022-01-16 15:46:22] 
INFO [2022-01-16 15:46:22] $fill
INFO [2022-01-16 15:46:22] c(alpha("#440154ff", 0.3), alpha("#21908dff", 0.3), alpha("#fde725ff", 
INFO [2022-01-16 15:46:22]     0.3))
INFO [2022-01-16 15:46:22] 
INFO [2022-01-16 15:46:22] $fontfamily
INFO [2022-01-16 15:46:22] [1] "sans"
INFO [2022-01-16 15:46:22] 
INFO [2022-01-16 15:46:22] $cex
INFO [2022-01-16 15:46:22] [1] 1
INFO [2022-01-16 15:46:22] 
INFO [2022-01-16 15:46:22] $cat.cex
INFO [2022-01-16 15:46:22] [1] 3
INFO [2022-01-16 15:46:22] 
INFO [2022-01-16 15:46:22] $cat.default.pos
INFO [2022-01-16 15:46:22] [1] "outer"
INFO [2022-01-16 15:46:22] 
INFO [2022-01-16 15:46:22] $cat.fontfamily
INFO [2022-01-16 15:46:22] [1] "sans"
INFO [2022-01-16 15:46:22] 
INFO [2022-01-16 15:46:22] $cat.col
INFO [2022-01-16 15:46:22] c("#440154ff", "#21908dff", "#fde725ff")
INFO [2022-01-16 15:46:22] 
INFO [2022-01-16 15:46:22] $cat.pos
INFO [2022-01-16 15:46:22] c(315, 45, 0)
INFO [2022-01-16 15:46:22] 
INFO [2022-01-16 15:46:22] $rotation.degree
INFO [2022-01-16 15:46:22] [1] 360
INFO [2022-01-16 15:46:22] 
