INFO [2022-01-16 15:39:24] [[1]]
INFO [2022-01-16 15:39:24] data
INFO [2022-01-16 15:39:24] 
INFO [2022-01-16 15:39:24] $filename
INFO [2022-01-16 15:39:24] NULL
INFO [2022-01-16 15:39:24] 
INFO [2022-01-16 15:39:24] $col
INFO [2022-01-16 15:39:24] c("#440154ff", "#21908dff", "#fde725ff")
INFO [2022-01-16 15:39:24] 
INFO [2022-01-16 15:39:24] $fill
INFO [2022-01-16 15:39:24] c(alpha("#440154ff", 0.3), alpha("#21908dff", 0.3), alpha("#fde725ff", 
INFO [2022-01-16 15:39:24]     0.3))
INFO [2022-01-16 15:39:24] 
INFO [2022-01-16 15:39:24] $fontfamily
INFO [2022-01-16 15:39:24] [1] "sans"
INFO [2022-01-16 15:39:24] 
INFO [2022-01-16 15:39:24] $cex
INFO [2022-01-16 15:39:24] [1] 1
INFO [2022-01-16 15:39:24] 
INFO [2022-01-16 15:39:24] $cat.cex
INFO [2022-01-16 15:39:24] [1] 3
INFO [2022-01-16 15:39:24] 
INFO [2022-01-16 15:39:24] $cat.default.pos
INFO [2022-01-16 15:39:24] [1] "outer"
INFO [2022-01-16 15:39:24] 
INFO [2022-01-16 15:39:24] $cat.fontfamily
INFO [2022-01-16 15:39:24] [1] "sans"
INFO [2022-01-16 15:39:24] 
INFO [2022-01-16 15:39:24] $cat.col
INFO [2022-01-16 15:39:24] c("#440154ff", "#21908dff", "#fde725ff")
INFO [2022-01-16 15:39:24] 
INFO [2022-01-16 15:39:24] $rotation.degree
INFO [2022-01-16 15:39:24] [1] 360
INFO [2022-01-16 15:39:24] 
