INFO [2022-01-16 15:36:38] [[1]]
INFO [2022-01-16 15:36:38] data
INFO [2022-01-16 15:36:38] 
INFO [2022-01-16 15:36:38] $filename
INFO [2022-01-16 15:36:38] NULL
INFO [2022-01-16 15:36:38] 
INFO [2022-01-16 15:36:38] $col
INFO [2022-01-16 15:36:38] c("#440154ff", "#21908dff", "#fde725ff")
INFO [2022-01-16 15:36:38] 
INFO [2022-01-16 15:36:38] $fill
INFO [2022-01-16 15:36:38] c(alpha("#440154ff", 0.3), alpha("#21908dff", 0.3), alpha("#fde725ff", 
INFO [2022-01-16 15:36:38]     0.3))
INFO [2022-01-16 15:36:38] 
INFO [2022-01-16 15:36:38] $fontfamily
INFO [2022-01-16 15:36:38] [1] "sans"
INFO [2022-01-16 15:36:38] 
INFO [2022-01-16 15:36:38] $cex
INFO [2022-01-16 15:36:38] [1] 1
INFO [2022-01-16 15:36:38] 
INFO [2022-01-16 15:36:38] $cat.cex
INFO [2022-01-16 15:36:38] [1] 3
INFO [2022-01-16 15:36:38] 
INFO [2022-01-16 15:36:38] $cat.default.pos
INFO [2022-01-16 15:36:38] [1] "outer"
INFO [2022-01-16 15:36:38] 
INFO [2022-01-16 15:36:38] $cat.fontfamily
INFO [2022-01-16 15:36:38] [1] "sans"
INFO [2022-01-16 15:36:38] 
INFO [2022-01-16 15:36:38] $cat.col
INFO [2022-01-16 15:36:38] c("#440154ff", "#21908dff", "#fde725ff")
INFO [2022-01-16 15:36:38] 
INFO [2022-01-16 15:36:38] $cat.pos
INFO [2022-01-16 15:36:38] c(0, 90, 180)
INFO [2022-01-16 15:36:38] 
INFO [2022-01-16 15:36:38] $rotation.degree
INFO [2022-01-16 15:36:38] [1] 360
INFO [2022-01-16 15:36:38] 
