INFO [2022-01-16 15:36:04] [[1]]
INFO [2022-01-16 15:36:04] data
INFO [2022-01-16 15:36:04] 
INFO [2022-01-16 15:36:04] $filename
INFO [2022-01-16 15:36:04] NULL
INFO [2022-01-16 15:36:04] 
INFO [2022-01-16 15:36:04] $col
INFO [2022-01-16 15:36:04] c("#440154ff", "#21908dff", "#fde725ff")
INFO [2022-01-16 15:36:04] 
INFO [2022-01-16 15:36:04] $fill
INFO [2022-01-16 15:36:04] c(alpha("#440154ff", 0.3), alpha("#21908dff", 0.3), alpha("#fde725ff", 
INFO [2022-01-16 15:36:04]     0.3))
INFO [2022-01-16 15:36:04] 
INFO [2022-01-16 15:36:04] $fontfamily
INFO [2022-01-16 15:36:04] [1] "sans"
INFO [2022-01-16 15:36:04] 
INFO [2022-01-16 15:36:04] $cex
INFO [2022-01-16 15:36:04] [1] 1
INFO [2022-01-16 15:36:04] 
INFO [2022-01-16 15:36:04] $cat.cex
INFO [2022-01-16 15:36:04] [1] 3
INFO [2022-01-16 15:36:04] 
INFO [2022-01-16 15:36:04] $cat.default.pos
INFO [2022-01-16 15:36:04] [1] "outer"
INFO [2022-01-16 15:36:04] 
INFO [2022-01-16 15:36:04] $cat.fontfamily
INFO [2022-01-16 15:36:04] [1] "sans"
INFO [2022-01-16 15:36:04] 
INFO [2022-01-16 15:36:04] $cat.col
INFO [2022-01-16 15:36:04] c("#440154ff", "#21908dff", "#fde725ff")
INFO [2022-01-16 15:36:04] 
INFO [2022-01-16 15:36:04] $cat.pos
INFO [2022-01-16 15:36:04] c(60)
INFO [2022-01-16 15:36:04] 
INFO [2022-01-16 15:36:04] $rotation.degree
INFO [2022-01-16 15:36:04] [1] 360
INFO [2022-01-16 15:36:04] 
