INFO [2022-01-16 15:47:10] [[1]]
INFO [2022-01-16 15:47:10] data
INFO [2022-01-16 15:47:10] 
INFO [2022-01-16 15:47:10] $filename
INFO [2022-01-16 15:47:10] NULL
INFO [2022-01-16 15:47:10] 
INFO [2022-01-16 15:47:10] $col
INFO [2022-01-16 15:47:10] c("#440154ff", "#21908dff", "#fde725ff")
INFO [2022-01-16 15:47:10] 
INFO [2022-01-16 15:47:10] $fill
INFO [2022-01-16 15:47:10] c(alpha("#440154ff", 0.3), alpha("#21908dff", 0.3), alpha("#fde725ff", 
INFO [2022-01-16 15:47:10]     0.3))
INFO [2022-01-16 15:47:10] 
INFO [2022-01-16 15:47:10] $fontfamily
INFO [2022-01-16 15:47:10] [1] "sans"
INFO [2022-01-16 15:47:10] 
INFO [2022-01-16 15:47:10] $cex
INFO [2022-01-16 15:47:10] [1] 1
INFO [2022-01-16 15:47:10] 
INFO [2022-01-16 15:47:10] $cat.cex
INFO [2022-01-16 15:47:10] [1] 3
INFO [2022-01-16 15:47:10] 
INFO [2022-01-16 15:47:10] $cat.default.pos
INFO [2022-01-16 15:47:10] [1] "outer"
INFO [2022-01-16 15:47:10] 
INFO [2022-01-16 15:47:10] $cat.fontfamily
INFO [2022-01-16 15:47:10] [1] "sans"
INFO [2022-01-16 15:47:10] 
INFO [2022-01-16 15:47:10] $cat.col
INFO [2022-01-16 15:47:10] c("#440154ff", "#21908dff", "#fde725ff")
INFO [2022-01-16 15:47:10] 
INFO [2022-01-16 15:47:10] $cat.pos
INFO [2022-01-16 15:47:10] c(315, 45, 0)
INFO [2022-01-16 15:47:10] 
INFO [2022-01-16 15:47:10] $rotation.degree
INFO [2022-01-16 15:47:10] [1] 360
INFO [2022-01-16 15:47:10] 
