INFO [2022-01-16 15:34:23] [[1]]
INFO [2022-01-16 15:34:23] data
INFO [2022-01-16 15:34:23] 
INFO [2022-01-16 15:34:23] $filename
INFO [2022-01-16 15:34:23] NULL
INFO [2022-01-16 15:34:23] 
INFO [2022-01-16 15:34:23] $col
INFO [2022-01-16 15:34:23] c("#440154ff", "#21908dff", "#fde725ff")
INFO [2022-01-16 15:34:23] 
INFO [2022-01-16 15:34:23] $fill
INFO [2022-01-16 15:34:23] c(alpha("#440154ff", 0.3), alpha("#21908dff", 0.3), alpha("#fde725ff", 
INFO [2022-01-16 15:34:23]     0.3))
INFO [2022-01-16 15:34:23] 
INFO [2022-01-16 15:34:23] $fontfamily
INFO [2022-01-16 15:34:23] [1] "sans"
INFO [2022-01-16 15:34:23] 
INFO [2022-01-16 15:34:23] $cex
INFO [2022-01-16 15:34:23] [1] 1
INFO [2022-01-16 15:34:23] 
INFO [2022-01-16 15:34:23] $cat.cex
INFO [2022-01-16 15:34:23] [1] 3
INFO [2022-01-16 15:34:23] 
INFO [2022-01-16 15:34:23] $cat.default.pos
INFO [2022-01-16 15:34:23] [1] "outer"
INFO [2022-01-16 15:34:23] 
INFO [2022-01-16 15:34:23] $cat.fontfamily
INFO [2022-01-16 15:34:23] [1] "sans"
INFO [2022-01-16 15:34:23] 
INFO [2022-01-16 15:34:23] $cat.col
INFO [2022-01-16 15:34:23] c("#440154ff", "#21908dff", "#fde725ff")
INFO [2022-01-16 15:34:23] 
INFO [2022-01-16 15:34:23] $rotation.degree
INFO [2022-01-16 15:34:23] [1] 120
INFO [2022-01-16 15:34:23] 
