INFO [2022-01-16 15:44:40] [[1]]
INFO [2022-01-16 15:44:40] data
INFO [2022-01-16 15:44:40] 
INFO [2022-01-16 15:44:40] $filename
INFO [2022-01-16 15:44:40] NULL
INFO [2022-01-16 15:44:40] 
INFO [2022-01-16 15:44:40] $col
INFO [2022-01-16 15:44:40] c("#440154ff", "#21908dff", "#fde725ff")
INFO [2022-01-16 15:44:40] 
INFO [2022-01-16 15:44:40] $fill
INFO [2022-01-16 15:44:40] c(alpha("#440154ff", 0.3), alpha("#21908dff", 0.3), alpha("#fde725ff", 
INFO [2022-01-16 15:44:40]     0.3))
INFO [2022-01-16 15:44:40] 
INFO [2022-01-16 15:44:40] $fontfamily
INFO [2022-01-16 15:44:40] [1] "sans"
INFO [2022-01-16 15:44:40] 
INFO [2022-01-16 15:44:40] $cex
INFO [2022-01-16 15:44:40] [1] 1
INFO [2022-01-16 15:44:40] 
INFO [2022-01-16 15:44:40] $cat.cex
INFO [2022-01-16 15:44:40] [1] 3
INFO [2022-01-16 15:44:40] 
INFO [2022-01-16 15:44:40] $cat.default.pos
INFO [2022-01-16 15:44:40] [1] "outer"
INFO [2022-01-16 15:44:40] 
INFO [2022-01-16 15:44:40] $cat.fontfamily
INFO [2022-01-16 15:44:40] [1] "sans"
INFO [2022-01-16 15:44:40] 
INFO [2022-01-16 15:44:40] $cat.col
INFO [2022-01-16 15:44:40] c("#440154ff", "#21908dff", "#fde725ff")
INFO [2022-01-16 15:44:40] 
INFO [2022-01-16 15:44:40] $cat.pos
INFO [2022-01-16 15:44:40] c(200, 160, 0)
INFO [2022-01-16 15:44:40] 
INFO [2022-01-16 15:44:40] $rotation.degree
INFO [2022-01-16 15:44:40] [1] 360
INFO [2022-01-16 15:44:40] 
