INFO [2022-01-16 15:42:25] [[1]]
INFO [2022-01-16 15:42:25] data
INFO [2022-01-16 15:42:25] 
INFO [2022-01-16 15:42:25] $filename
INFO [2022-01-16 15:42:25] NULL
INFO [2022-01-16 15:42:25] 
INFO [2022-01-16 15:42:25] $col
INFO [2022-01-16 15:42:25] c("#440154ff", "#21908dff", "#fde725ff")
INFO [2022-01-16 15:42:25] 
INFO [2022-01-16 15:42:25] $fill
INFO [2022-01-16 15:42:25] c(alpha("#440154ff", 0.3), alpha("#21908dff", 0.3), alpha("#fde725ff", 
INFO [2022-01-16 15:42:25]     0.3))
INFO [2022-01-16 15:42:25] 
INFO [2022-01-16 15:42:25] $fontfamily
INFO [2022-01-16 15:42:25] [1] "sans"
INFO [2022-01-16 15:42:25] 
INFO [2022-01-16 15:42:25] $cex
INFO [2022-01-16 15:42:25] [1] 1
INFO [2022-01-16 15:42:25] 
INFO [2022-01-16 15:42:25] $cat.cex
INFO [2022-01-16 15:42:25] [1] 3
INFO [2022-01-16 15:42:25] 
INFO [2022-01-16 15:42:25] $cat.default.pos
INFO [2022-01-16 15:42:25] [1] "outer"
INFO [2022-01-16 15:42:25] 
INFO [2022-01-16 15:42:25] $cat.fontfamily
INFO [2022-01-16 15:42:25] [1] "sans"
INFO [2022-01-16 15:42:25] 
INFO [2022-01-16 15:42:25] $cat.col
INFO [2022-01-16 15:42:25] c("#440154ff", "#21908dff", "#fde725ff")
INFO [2022-01-16 15:42:25] 
INFO [2022-01-16 15:42:25] $rotation.degree
INFO [2022-01-16 15:42:25] [1] 360
INFO [2022-01-16 15:42:25] 
