INFO [2022-01-16 15:37:51] [[1]]
INFO [2022-01-16 15:37:51] data
INFO [2022-01-16 15:37:51] 
INFO [2022-01-16 15:37:51] $filename
INFO [2022-01-16 15:37:51] NULL
INFO [2022-01-16 15:37:51] 
INFO [2022-01-16 15:37:51] $col
INFO [2022-01-16 15:37:51] c("#440154ff", "#21908dff", "#fde725ff")
INFO [2022-01-16 15:37:51] 
INFO [2022-01-16 15:37:51] $fill
INFO [2022-01-16 15:37:51] c(alpha("#440154ff", 0.3), alpha("#21908dff", 0.3), alpha("#fde725ff", 
INFO [2022-01-16 15:37:51]     0.3))
INFO [2022-01-16 15:37:51] 
INFO [2022-01-16 15:37:51] $fontfamily
INFO [2022-01-16 15:37:51] [1] "sans"
INFO [2022-01-16 15:37:51] 
INFO [2022-01-16 15:37:51] $cex
INFO [2022-01-16 15:37:51] [1] 1
INFO [2022-01-16 15:37:51] 
INFO [2022-01-16 15:37:51] $cat.cex
INFO [2022-01-16 15:37:51] [1] 3
INFO [2022-01-16 15:37:51] 
INFO [2022-01-16 15:37:51] $cat.default.pos
INFO [2022-01-16 15:37:51] [1] "outer"
INFO [2022-01-16 15:37:51] 
INFO [2022-01-16 15:37:51] $cat.fontfamily
INFO [2022-01-16 15:37:51] [1] "sans"
INFO [2022-01-16 15:37:51] 
INFO [2022-01-16 15:37:51] $cat.col
INFO [2022-01-16 15:37:51] c("#440154ff", "#21908dff", "#fde725ff")
INFO [2022-01-16 15:37:51] 
INFO [2022-01-16 15:37:51] $cat.pos
INFO [2022-01-16 15:37:51] c(90, 90, 0)
INFO [2022-01-16 15:37:51] 
INFO [2022-01-16 15:37:51] $rotation.degree
INFO [2022-01-16 15:37:51] [1] 360
INFO [2022-01-16 15:37:51] 
