INFO [2022-01-16 15:44:14] [[1]]
INFO [2022-01-16 15:44:14] data
INFO [2022-01-16 15:44:14] 
INFO [2022-01-16 15:44:14] $filename
INFO [2022-01-16 15:44:14] NULL
INFO [2022-01-16 15:44:14] 
INFO [2022-01-16 15:44:14] $col
INFO [2022-01-16 15:44:14] c("#440154ff", "#21908dff", "#fde725ff")
INFO [2022-01-16 15:44:14] 
INFO [2022-01-16 15:44:14] $fill
INFO [2022-01-16 15:44:14] c(alpha("#440154ff", 0.3), alpha("#21908dff", 0.3), alpha("#fde725ff", 
INFO [2022-01-16 15:44:14]     0.3))
INFO [2022-01-16 15:44:14] 
INFO [2022-01-16 15:44:14] $fontfamily
INFO [2022-01-16 15:44:14] [1] "sans"
INFO [2022-01-16 15:44:14] 
INFO [2022-01-16 15:44:14] $cex
INFO [2022-01-16 15:44:14] [1] 1
INFO [2022-01-16 15:44:14] 
INFO [2022-01-16 15:44:14] $cat.cex
INFO [2022-01-16 15:44:14] [1] 3
INFO [2022-01-16 15:44:14] 
INFO [2022-01-16 15:44:14] $cat.default.pos
INFO [2022-01-16 15:44:14] [1] "outer"
INFO [2022-01-16 15:44:14] 
INFO [2022-01-16 15:44:14] $cat.fontfamily
INFO [2022-01-16 15:44:14] [1] "sans"
INFO [2022-01-16 15:44:14] 
INFO [2022-01-16 15:44:14] $cat.col
INFO [2022-01-16 15:44:14] c("#440154ff", "#21908dff", "#fde725ff")
INFO [2022-01-16 15:44:14] 
INFO [2022-01-16 15:44:14] $cat.pos
INFO [2022-01-16 15:44:14] c(200, 45, 160)
INFO [2022-01-16 15:44:14] 
INFO [2022-01-16 15:44:14] $rotation.degree
INFO [2022-01-16 15:44:14] [1] 360
INFO [2022-01-16 15:44:14] 
