INFO [2022-01-16 15:43:06] [[1]]
INFO [2022-01-16 15:43:06] data
INFO [2022-01-16 15:43:06] 
INFO [2022-01-16 15:43:06] $filename
INFO [2022-01-16 15:43:06] NULL
INFO [2022-01-16 15:43:06] 
INFO [2022-01-16 15:43:06] $col
INFO [2022-01-16 15:43:06] c("#440154ff", "#21908dff", "#fde725ff")
INFO [2022-01-16 15:43:06] 
INFO [2022-01-16 15:43:06] $fill
INFO [2022-01-16 15:43:06] c(alpha("#440154ff", 0.3), alpha("#21908dff", 0.3), alpha("#fde725ff", 
INFO [2022-01-16 15:43:06]     0.3))
INFO [2022-01-16 15:43:06] 
INFO [2022-01-16 15:43:06] $fontfamily
INFO [2022-01-16 15:43:06] [1] "sans"
INFO [2022-01-16 15:43:06] 
INFO [2022-01-16 15:43:06] $cex
INFO [2022-01-16 15:43:06] [1] 1
INFO [2022-01-16 15:43:06] 
INFO [2022-01-16 15:43:06] $cat.cex
INFO [2022-01-16 15:43:06] [1] 3
INFO [2022-01-16 15:43:06] 
INFO [2022-01-16 15:43:06] $cat.default.pos
INFO [2022-01-16 15:43:06] [1] "outer"
INFO [2022-01-16 15:43:06] 
INFO [2022-01-16 15:43:06] $cat.fontfamily
INFO [2022-01-16 15:43:06] [1] "sans"
INFO [2022-01-16 15:43:06] 
INFO [2022-01-16 15:43:06] $cat.col
INFO [2022-01-16 15:43:06] c("#440154ff", "#21908dff", "#fde725ff")
INFO [2022-01-16 15:43:06] 
INFO [2022-01-16 15:43:06] $cat.pos
INFO [2022-01-16 15:43:06] c(315, 45, 0)
INFO [2022-01-16 15:43:06] 
INFO [2022-01-16 15:43:06] $rotation.degree
INFO [2022-01-16 15:43:06] [1] 360
INFO [2022-01-16 15:43:06] 
